<?xml version="1.0" encoding="UTF-8"?>
<!-- Generated by org.testng.reporters.JUnitReportReporter -->
<testsuite hostname="DESKTOP-J4AIRBB" failures="0" tests="1" name="org.vtiger.practice.GridPractice" time="0.145" errors="0" timestamp="2022-07-28T17:54:19 IST" skipped="0">
  <testcase classname="org.vtiger.practice.GridPractice" name="gridPractice" time="0.145"/>
  <system-out/>
</testsuite> <!-- org.vtiger.practice.GridPractice -->
